<?xml version="1.0" encoding="UTF-8"?>
<testsuite name="com.smartbus.backend.util.TripNotificationBuilderTest" tests="3" skipped="0" failures="0" errors="0" timestamp="2026-08-10T10:05:09.583Z" hostname="ace-rem" time="0.015">
  <properties/>
  <testcase name="arrivedWithPassengers_buildsAlightingNotification()" classname="com.smartbus.backend.util.TripNotificationBuilderTest" time="0.002"/>
  <testcase name="approachingNextStop_includesDistanceAndAlighting()" classname="com.smartbus.backend.util.TripNotificationBuilderTest" time="0.005"/>
  <testcase name="noStopYet_usesNearest()" classname="com.smartbus.backend.util.TripNotificationBuilderTest" time="0.002"/>
  <system-out><![CDATA[]]></system-out>
  <system-err><![CDATA[]]></system-err>
</testsuite>
