<?xml version="1.0" encoding="UTF-8"?>
<testsuite name="com.smartbus.backend.SmartBusBackendApplicationTests" tests="1" skipped="0" failures="0" errors="0" timestamp="2026-08-01T03:50:05.967Z" hostname="ace-rem" time="9.404">
  <properties/>
  <testcase name="contextLoads()" classname="com.smartbus.backend.SmartBusBackendApplicationTests" time="0.049"/>
  <system-out><![CDATA[10:50:06.281 [Test worker] INFO org.springframework.test.context.support.AnnotationConfigContextLoaderUtils -- Could not detect default configuration classes for test class [com.smartbus.backend.SmartBusBackendApplicationTests]: SmartBusBackendApplicationTests does not declare any static, non-private, non-final, nested classes annotated with @Configuration.
10:50:06.511 [Test worker] INFO org.springframework.boot.test.context.SpringBootTestContextBootstrapper -- Found @SpringBootConfiguration com.smartbus.backend.SmartBusBackendApplication for test class com.smartbus.backend.SmartBusBackendApplicationTests

  .   ____          _            __ _ _
 /\\ / ___'_ __ _ _(_)_ __  __ _ \ \ \ \
( ( )\___ | '_ | '_| | '_ \/ _` | \ \ \ \
 \\/  ___)| |_)| | | | | || (_| |  ) ) ) )
  '  |____| .__|_| |_|_| |_\__, | / / / /
 =========|_|==============|___/=/_/_/_/

 :: Spring Boot ::                (v3.3.5)

2026-08-01T10:50:07.484+07:00  INFO 84828 --- [smartbus-backend] [    Test worker] c.s.b.SmartBusBackendApplicationTests    : Starting SmartBusBackendApplicationTests using Java 21.0.7 with PID 84828 (started by ace-rem in /home/ace-rem/Videos/Huy/SmartBusProject/smartbus-backend)
2026-08-01T10:50:07.487+07:00 DEBUG 84828 --- [smartbus-backend] [    Test worker] c.s.b.SmartBusBackendApplicationTests    : Running with Spring Boot v3.3.5, Spring v6.1.14
2026-08-01T10:50:07.489+07:00  INFO 84828 --- [smartbus-backend] [    Test worker] c.s.b.SmartBusBackendApplicationTests    : No active profile set, falling back to 1 default profile: "default"
2026-08-01T10:50:13.714+07:00  INFO 84828 --- [smartbus-backend] [    Test worker] eAuthenticationProviderManagerConfigurer : Global AuthenticationManager configured with AuthenticationProvider bean with name authenticationProvider
2026-08-01T10:50:13.716+07:00  WARN 84828 --- [smartbus-backend] [    Test worker] r$InitializeUserDetailsManagerConfigurer : Global AuthenticationManager configured with an AuthenticationProvider bean. UserDetailsService beans will not be used for username/password login. Consider removing the AuthenticationProvider bean. Alternatively, consider using the UserDetailsService in a manually instantiated DaoAuthenticationProvider.
2026-08-01T10:50:15.260+07:00  INFO 84828 --- [smartbus-backend] [    Test worker] c.s.b.SmartBusBackendApplicationTests    : Started SmartBusBackendApplicationTests in 8.415 seconds (process running for 12.714)
]]></system-out>
  <system-err><![CDATA[WARNING: A Java agent has been loaded dynamically (/tmp/gradle-cache/caches/modules-2/files-2.1/net.bytebuddy/byte-buddy-agent/1.14.19/154da3a65b4f4a909d3e5bdec55d1b2b4cbb6ce1/byte-buddy-agent-1.14.19.jar)
WARNING: If a serviceability tool is in use, please run with -XX:+EnableDynamicAgentLoading to hide this warning
WARNING: If a serviceability tool is not in use, please run with -Djdk.instrument.traceUsage for more information
WARNING: Dynamic loading of agents will be disallowed by default in a future release
]]></system-err>
</testsuite>
