<?xml version="1.0" encoding="UTF-8"?>
<testsuite name="com.smartbus.backend.util.PassengerGroupNoteBuilderTest" tests="4" skipped="0" failures="0" errors="0" timestamp="2026-09-06T06:34:42.720Z" hostname="ace-rem" time="0.009">
  <properties/>
  <testcase name="build_groupFromAToD()" classname="com.smartbus.backend.util.PassengerGroupNoteBuilderTest" time="0.002"/>
  <testcase name="build_keepsExplicitNote()" classname="com.smartbus.backend.util.PassengerGroupNoteBuilderTest" time="0.002"/>
  <testcase name="build_emptyWhenNoStops()" classname="com.smartbus.backend.util.PassengerGroupNoteBuilderTest" time="0.002"/>
  <testcase name="build_alightingOnly()" classname="com.smartbus.backend.util.PassengerGroupNoteBuilderTest" time="0.001"/>
  <system-out><![CDATA[]]></system-out>
  <system-err><![CDATA[]]></system-err>
</testsuite>
